2017-05-24 19:35:33,266 [INFO] from play.api.Play in ForkJoinPool-1-worker-1 - Application started (Dev)
2017-05-24 19:36:53,417 [INFO] from application in application-akka.actor.default-dispatcher-3 - Success!: qc9g4za6
2017-05-24 19:48:00,336 [INFO] from application in application-akka.actor.default-dispatcher-7 - Success!: ngj9p3g6
2017-05-24 20:02:07,969 [INFO] from play.api.Play in application-akka.actor.default-dispatcher-21 - Application started (Dev)
2017-05-24 20:04:48,511 [INFO] from play.api.Play in application-akka.actor.default-dispatcher-3 - Application started (Dev)
2017-05-24 20:07:50,089 [INFO] from play.api.Play in application-akka.actor.default-dispatcher-3 - Application started (Dev)
2017-05-24 20:09:06,402 [INFO] from play.api.Play in application-akka.actor.default-dispatcher-3 - Application started (Dev)
2017-05-24 20:09:44,858 [INFO] from play.api.Play in application-akka.actor.default-dispatcher-6 - Application started (Dev)
2017-05-24 20:10:12,612 [INFO] from play.api.Play in application-akka.actor.default-dispatcher-6 - Application started (Dev)
2017-05-24 20:11:15,293 [INFO] from play.api.Play in application-akka.actor.default-dispatcher-2 - Application started (Dev)
2017-05-24 20:14:45,249 [INFO] from play.api.Play in application-akka.actor.default-dispatcher-5 - Application started (Dev)
2017-05-24 20:15:46,823 [INFO] from play.api.Play in application-akka.actor.default-dispatcher-7 - Application started (Dev)
2017-05-24 20:19:51,192 [INFO] from play.api.Play in application-akka.actor.default-dispatcher-5 - Application started (Dev)
2017-05-24 20:23:45,820 [INFO] from play.api.Play in application-akka.actor.default-dispatcher-6 - Application started (Dev)
2017-05-24 20:32:38,914 [INFO] from play.api.Play in application-akka.actor.default-dispatcher-8 - Application started (Dev)
2017-05-24 20:35:38,621 [INFO] from play.api.Play in application-akka.actor.default-dispatcher-20 - Application started (Dev)
2017-05-24 20:37:48,264 [INFO] from play.api.Play in application-akka.actor.default-dispatcher-6 - Application started (Dev)
2017-05-24 20:39:17,454 [INFO] from play.api.Play in application-akka.actor.default-dispatcher-7 - Application started (Dev)
2017-05-24 20:41:19,460 [INFO] from play.api.Play in application-akka.actor.default-dispatcher-3 - Application started (Dev)
2017-05-24 20:46:46,132 [INFO] from play.api.Play in application-akka.actor.default-dispatcher-5 - Application started (Dev)
2017-05-24 21:02:13,513 [INFO] from play.api.Play in application-akka.actor.default-dispatcher-5 - Application started (Dev)
2017-05-24 21:17:57,908 [INFO] from play.api.Play in application-akka.actor.default-dispatcher-3 - Application started (Dev)
2017-05-24 22:03:58,693 [INFO] from play.api.Play in application-akka.actor.default-dispatcher-200 - Application started (Dev)
2017-05-24 22:14:56,646 [INFO] from play.api.Play in application-akka.actor.default-dispatcher-66 - Application started (Dev)
2017-05-24 22:35:54,558 [INFO] from play.api.Play in application-akka.actor.default-dispatcher-78 - Application started (Dev)
2017-05-24 22:40:43,831 [INFO] from play.api.Play in application-akka.actor.default-dispatcher-28 - Application started (Dev)
2017-05-24 22:52:12,830 [ERROR] from application in netty-event-loop-3 - 

! @745e5omd6 - Internal server error, for (GET) [/?] ->
 
play.sbt.PlayExceptions$CompilationException: Compilation error[Expected ending '}']
	at play.sbt.PlayExceptions$CompilationException$.apply(PlayExceptions.scala:27)
	at play.sbt.PlayExceptions$CompilationException$.apply(PlayExceptions.scala:27)
	at scala.Option.map(Option.scala:145)
	at play.sbt.run.PlayReload$$anonfun$taskFailureHandler$1.apply(PlayReload.scala:49)
	at play.sbt.run.PlayReload$$anonfun$taskFailureHandler$1.apply(PlayReload.scala:44)
	at scala.Option.map(Option.scala:145)
	at play.sbt.run.PlayReload$.taskFailureHandler(PlayReload.scala:44)
	at play.sbt.run.PlayReload$.compileFailure(PlayReload.scala:40)
	at play.sbt.run.PlayReload$$anonfun$compile$1.apply(PlayReload.scala:17)
	at play.sbt.run.PlayReload$$anonfun$compile$1.apply(PlayReload.scala:17)
	at scala.util.Either$LeftProjection.map(Either.scala:377)
	at play.sbt.run.PlayReload$.compile(PlayReload.scala:17)
	at play.sbt.run.PlayRun$$anonfun$playRunTask$1$$anonfun$apply$2$$anonfun$apply$3$$anonfun$2.apply(PlayRun.scala:61)
	at play.sbt.run.PlayRun$$anonfun$playRunTask$1$$anonfun$apply$2$$anonfun$apply$3$$anonfun$2.apply(PlayRun.scala:61)
	at play.runsupport.Reloader$$anonfun$reload$1.apply(Reloader.scala:339)
	at play.runsupport.Reloader$$anon$3.run(Reloader.scala:44)
	at java.security.AccessController.doPrivileged(Native Method)
	at play.runsupport.Reloader$.play$runsupport$Reloader$$withReloaderContextClassLoader(Reloader.scala:40)
	at play.runsupport.Reloader.reload(Reloader.scala:337)
	at play.core.server.DevServerStart$$anonfun$mainDev$1$$anon$1$$anonfun$get$1.apply(DevServerStart.scala:123)
	at play.core.server.DevServerStart$$anonfun$mainDev$1$$anon$1$$anonfun$get$1.apply(DevServerStart.scala:121)
	at scala.concurrent.impl.Future$PromiseCompletingRunnable.liftedTree1$1(Future.scala:24)
	at scala.concurrent.impl.Future$PromiseCompletingRunnable.run(Future.scala:24)
	at akka.dispatch.TaskInvocation.run(AbstractDispatcher.scala:39)
	at akka.dispatch.ForkJoinExecutorConfigurator$AkkaForkJoinTask.exec(AbstractDispatcher.scala:415)
	at scala.concurrent.forkjoin.ForkJoinTask.doExec(ForkJoinTask.java:260)
	at scala.concurrent.forkjoin.ForkJoinPool$WorkQueue.runTask(ForkJoinPool.java:1339)
	at scala.concurrent.forkjoin.ForkJoinPool.runWorker(ForkJoinPool.java:1979)
	at scala.concurrent.forkjoin.ForkJoinWorkerThread.run(ForkJoinWorkerThread.java:107)
2017-05-24 22:52:59,825 [INFO] from play.api.Play in application-akka.actor.default-dispatcher-7 - Application started (Dev)
2017-05-24 22:56:38,236 [INFO] from play.api.Play in application-akka.actor.default-dispatcher-20 - Application started (Dev)
